<?xml version="1.0" encoding="UTF-8"?>
<!-- Generated by org.testng.reporters.JUnitReportReporter -->
<testsuite hostname="DESKTOP-2EB7RG6" failures="0" tests="3" name="com.mystore.testcases.TC_MyAccountPagetestTestDataDrivenTesting" time="7.220" errors="0" timestamp="2023-04-21T01:33:40 IST" skipped="1">
  <testcase classname="com.mystore.testcases.TC_MyAccountPagetestTestDataDrivenTesting" name="VerifyLogin" time="4.028"/>
  <system-out/>
  <testcase classname="com.mystore.testcases.TC_MyAccountPagetestTestDataDrivenTesting" name="VerifyLogin" time="3.192"/>
  <system-out/>
  <testcase classname="com.mystore.testcases.TC_MyAccountPagetestTestDataDrivenTesting" name="verifyRegistrationAndLogin">
    <skipped/>
  </testcase> <!-- verifyRegistrationAndLogin -->
  <system-out/>
</testsuite> <!-- com.mystore.testcases.TC_MyAccountPagetestTestDataDrivenTesting -->
