<?xml version="1.0" encoding="UTF-8"?>
<!-- Generated by org.testng.reporters.JUnitReportReporter -->
<testsuite hostname="DESKTOP-2EB7RG6" failures="0" tests="3" name="com.mystore.testcases.TC_MyAccountPagetest" time="16.356" errors="0" timestamp="2023-04-23T00:12:24 IST" skipped="0">
  <testcase classname="com.mystore.testcases.TC_MyAccountPagetest" name="VerifyLogin" time="3.900"/>
  <system-out/>
  <testcase classname="com.mystore.testcases.TC_MyAccountPagetest" name="VerifySignOut" time="3.369"/>
  <system-out/>
  <testcase classname="com.mystore.testcases.TC_MyAccountPagetest" name="verifyRegistrationAndLogin" time="9.087"/>
  <system-out/>
</testsuite> <!-- com.mystore.testcases.TC_MyAccountPagetest -->
